#
# A fatal error has been detected by the Java Runtime Environment:
#
#  EXCEPTION_ACCESS_VIOLATION (0xc0000005) at pc=0x00007ff9d6f166f0, pid=17132, tid=1488
#
# JRE version: Java(TM) SE Runtime Environment 18.9 (11.0.10+8) (build 11.0.10+8-LTS-162)
# Java VM: Java HotSpot(TM) 64-Bit Server VM 18.9 (11.0.10+8-LTS-162, mixed mode, tiered, compressed oops, g1 gc, windows-amd64)
# Problematic frame:
# C  [glass.dll+0x266f0]
#
# No core dump will be written. Minidumps are not enabled by default on client versions of Windows
#
# If you would like to submit a bug report, please visit:
#   https://bugreport.java.com/bugreport/crash.jsp
#

---------------  S U M M A R Y ------------

Command Line: -Dfile.encoding=UTF-8 --module-path=C:\Users\JGL\git\chat\target\classes;C:\Users\JGL\.m2\repository\org\openjfx\javafx-controls\13\javafx-controls-13-win.jar;C:\Users\JGL\.m2\repository\org\openjfx\javafx-graphics\13\javafx-graphics-13-win.jar;C:\Users\JGL\.m2\repository\org\openjfx\javafx-base\13\javafx-base-13-win.jar;C:\Users\JGL\.m2\repository\org\openjfx\javafx-fxml\13\javafx-fxml-13-win.jar;C:\Users\JGL\.m2\repository\javax\xml\bind\jaxb-api\2.4.0-b180830.0359\jaxb-api-2.4.0-b180830.0359.jar;C:\Users\JGL\.m2\repository\javax\activation\javax.activation-api\1.2.0\javax.activation-api-1.2.0.jar -Djdk.module.main=project.chat project.chat/project.chat.App

Host: AMD Ryzen 7 4800H with Radeon Graphics         , 16 cores, 15G,  Windows 10 , 64 bit Build 19041 (10.0.19041.1202)
Time: Thu Oct 14 12:30:17 2021 Hora de verano romance elapsed time: 9.612461 seconds (0d 0h 0m 9s)

---------------  T H R E A D  ---------------

Current thread (0x0000026e246e9800):  VMThread "VM Thread" [stack: 0x000000f642300000,0x000000f642400000] [id=1488]

Stack: [0x000000f642300000,0x000000f642400000],  sp=0x000000f6423feec0,  free space=1019k
Native frames: (J=compiled Java code, j=interpreted, Vv=VM code, C=native code)
C  [glass.dll+0x266f0]


siginfo: EXCEPTION_ACCESS_VIOLATION (0xc0000005), reading address 0x0000000000000000


Register to memory mapping:

RIP=0x00007ff9d6f166f0 glass.dll
RAX=0x0 is NULL
RBX=0x0000026e246efd20 is a global jni handle
RCX=0x0000026e246e9800 points into unknown readable memory: d8 c1 b3 9a f9 7f 00 00
RDX=0x000000f6423feec0 points into unknown readable memory: 00 00 00 00 00 00 00 00
RSP=0x000000f6423feec0 points into unknown readable memory: 00 00 00 00 00 00 00 00
RBP=0x0000026e26466758 points into unknown readable memory: fd b0 f2 5b cd 34 00 00
RSI=0x0000026e26466730 points into unknown readable memory: 30 96 2c 61 32 3b 00 80
RDI=0x000034cd5bf2b0fd is an unknown value
R8 =0x0000000000010002 is an unknown value
R9 =0x000034cd5bf2b0fd is an unknown value
R10=0x0000000000008000 is an unknown value
R11=0x000000f6423fee60 points into unknown readable memory: 30 67 46 26 6e 02 00 00
R12=0x00007ff9d6f13b84 glass.dll
R13=0x0000026e24711888 points into unknown readable memory: 00 98 6e 24 6e 02 00 00
R14=0x000000f6423fefc8 points into unknown readable memory: b0 ef 3f 42 f6 00 00 00
R15=0x0000026e26466730 points into unknown readable memory: 30 96 2c 61 32 3b 00 80


Registers:
RAX=0x0000000000000000, RBX=0x0000026e246efd20, RCX=0x0000026e246e9800, RDX=0x000000f6423feec0
RSP=0x000000f6423feec0, RBP=0x0000026e26466758, RSI=0x0000026e26466730, RDI=0x000034cd5bf2b0fd
R8 =0x0000000000010002, R9 =0x000034cd5bf2b0fd, R10=0x0000000000008000, R11=0x000000f6423fee60
R12=0x00007ff9d6f13b84, R13=0x0000026e24711888, R14=0x000000f6423fefc8, R15=0x0000026e26466730
RIP=0x00007ff9d6f166f0, EFLAGS=0x0000000000010206

Top of Stack: (sp=0x000000f6423feec0)
0x000000f6423feec0:   0000000000000000 00007ff9fa4df05b
0x000000f6423feed0:   0000026e26466740 0000026e26466730
0x000000f6423feee0:   fffffffffffffffe 00007ff9d6f13b84
0x000000f6423feef0:   0000026e26466738 00007ff9fa4e42d6
0x000000f6423fef00:   0000026e26466740 0000026e00000000
0x000000f6423fef10:   0000026e26466758 0000026e26466730
0x000000f6423fef20:   fffffffffffffffe 0000000000000000
0x000000f6423fef30:   0000000000000001 00007ff9d6ef0000
0x000000f6423fef40:   000000f6423fefb8 00007ff9fa4e41fb
0x000000f6423fef50:   0000000000000000 000000f6423fefc8
0x000000f6423fef60:   000000f6423ff280 00007ff9fa5c0e40
0x000000f6423fef70:   0000000000000000 00007ff9fa4e41b4
0x000000f6423fef80:   0000000000000000 0000000000000001
0x000000f6423fef90:   0000000000000001 000000f6423fefb8
0x000000f6423fefa0:   0000000000000000 00007ff9d6f13a12
0x000000f6423fefb0:   00007ff9d6f2d118 000000f600000002 

Instructions: (pc=0x00007ff9d6f166f0)
0x00007ff9d6f166d0:   40 53 48 83 ec 30 48 c7 44 24 20 fe ff ff ff 48
0x00007ff9d6f166e0:   8b 1d 2a 64 01 00 48 85 db 74 16 e8 90 85 ff ff
0x00007ff9d6f166f0:   4c 8b 00 48 8b d3 48 8b c8 41 ff 90 b0 00 00 00
0x00007ff9d6f16700:   90 48 83 c4 30 5b c3 cc cc cc cc cc cc cc cc cc 


Stack slot to memory mapping:
stack at sp + 0 slots: 0x0 is NULL
stack at sp + 1 slots: 0x00007ff9fa4df05b ucrtbase.dll
stack at sp + 2 slots: 0x0000026e26466740 points into unknown readable memory: fd b0 f2 5b cd 34 00 00
stack at sp + 3 slots: 0x0000026e26466730 points into unknown readable memory: 30 96 2c 61 32 3b 00 80
stack at sp + 4 slots: 0xfffffffffffffffe is an unknown value
stack at sp + 5 slots: 0x00007ff9d6f13b84 glass.dll
stack at sp + 6 slots: 0x0000026e26466738 points into unknown readable memory: fd b0 f2 5b cd 34 00 00
stack at sp + 7 slots: 0x00007ff9fa4e42d6 ucrtbase.dll

VM_Operation (0x000000f6437f5a00): Exit, mode: safepoint, requested by thread 0x0000026e2657c000


---------------  P R O C E S S  ---------------

Threads class SMR info:
_java_thread_list=0x0000026e2616c830, length=20, elements={
0x0000026e79770000, 0x0000026e246ec800, 0x0000026e246ee000, 0x0000026e24715800,
0x0000026e24716800, 0x0000026e24719800, 0x0000026e25009800, 0x0000026e25013000,
0x0000026e24fa0800, 0x0000026e25261000, 0x0000026e25fb8800, 0x0000026e2657b000,
0x0000026e26578800, 0x0000026e2657c000, 0x0000026e26579800, 0x0000026e2657c800,
0x0000026e2657d800, 0x0000026e26578000, 0x0000026e2657a000, 0x0000026e25303800
}

Java Threads: ( => current thread )
  0x0000026e79770000 JavaThread "main" [_thread_blocked, id=17472, stack(0x000000f641d00000,0x000000f641e00000)]
  0x0000026e246ec800 JavaThread "Reference Handler" daemon [_thread_blocked, id=8376, stack(0x000000f642400000,0x000000f642500000)]
  0x0000026e246ee000 JavaThread "Finalizer" daemon [_thread_blocked, id=180, stack(0x000000f642500000,0x000000f642600000)]
  0x0000026e24715800 JavaThread "Signal Dispatcher" daemon [_thread_blocked, id=7800, stack(0x000000f642600000,0x000000f642700000)]
  0x0000026e24716800 JavaThread "Attach Listener" daemon [_thread_blocked, id=1572, stack(0x000000f642700000,0x000000f642800000)]
  0x0000026e24719800 JavaThread "C2 CompilerThread0" daemon [_thread_blocked, id=7888, stack(0x000000f642800000,0x000000f642900000)]
  0x0000026e25009800 JavaThread "C1 CompilerThread0" daemon [_thread_blocked, id=5612, stack(0x000000f642900000,0x000000f642a00000)]
  0x0000026e25013000 JavaThread "Sweeper thread" daemon [_thread_blocked, id=2480, stack(0x000000f642a00000,0x000000f642b00000)]
  0x0000026e24fa0800 JavaThread "Common-Cleaner" daemon [_thread_blocked, id=8492, stack(0x000000f642b00000,0x000000f642c00000)]
  0x0000026e25261000 JavaThread "C1 CompilerThread1" daemon [_thread_blocked, id=6248, stack(0x000000f642c00000,0x000000f642d00000)]
  0x0000026e25fb8800 JavaThread "Service Thread" daemon [_thread_blocked, id=4416, stack(0x000000f643200000,0x000000f643300000)]
  0x0000026e2657b000 JavaThread "QuantumRenderer-0" daemon [_thread_blocked, id=6188, stack(0x000000f643100000,0x000000f643200000)]
  0x0000026e26578800 JavaThread "InvokeLaterDispatcher" daemon [_thread_blocked, id=17660, stack(0x000000f643600000,0x000000f643700000)]
  0x0000026e2657c000 JavaThread "JavaFX Application Thread" [_thread_blocked, id=3612, stack(0x000000f643700000,0x000000f643800000)]
  0x0000026e26579800 JavaThread "Thread-1" daemon [_thread_in_native, id=7312, stack(0x000000f644200000,0x000000f644300000)]
  0x0000026e2657c800 JavaThread "JavaFX-Launcher" [_thread_blocked, id=7320, stack(0x000000f644300000,0x000000f644400000)]
  0x0000026e2657d800 JavaThread "Prism Font Disposer" daemon [_thread_blocked, id=13524, stack(0x000000f644c00000,0x000000f644d00000)]
  0x0000026e26578000 JavaThread "Cleaner-0" daemon [_thread_blocked, id=17092, stack(0x000000f644d00000,0x000000f644e00000)]
  0x0000026e2657a000 JavaThread "Timer-0" [_thread_blocked, id=7140, stack(0x000000f644f00000,0x000000f645000000)]
  0x0000026e25303800 JavaThread "C2 CompilerThread1" daemon [_thread_blocked, id=2588, stack(0x000000f642e00000,0x000000f642f00000)]

Other Threads:
=>0x0000026e246e9800 VMThread "VM Thread" [stack: 0x000000f642300000,0x000000f642400000] [id=1488]
  0x0000026e79785000 GCTaskThread "GC Thread#0" [stack: 0x000000f641e00000,0x000000f641f00000] [id=16840]
  0x0000026e264ac800 GCTaskThread "GC Thread#1" [stack: 0x000000f644400000,0x000000f644500000] [id=14536]
  0x0000026e264ae000 GCTaskThread "GC Thread#2" [stack: 0x000000f644500000,0x000000f644600000] [id=16160]
  0x0000026e264ad000 GCTaskThread "GC Thread#3" [stack: 0x000000f644600000,0x000000f644700000] [id=8548]
  0x0000026e264ab000 GCTaskThread "GC Thread#4" [stack: 0x000000f644700000,0x000000f644800000] [id=17812]
  0x0000026e264ab800 GCTaskThread "GC Thread#5" [stack: 0x000000f644800000,0x000000f644900000] [id=3624]
  0x0000026e797df000 ConcurrentGCThread "G1 Main Marker" [stack: 0x000000f641f00000,0x000000f642000000] [id=9676]
  0x0000026e797e5800 ConcurrentGCThread "G1 Conc#0" [stack: 0x000000f642000000,0x000000f642100000] [id=2252]
  0x0000026e26acd000 ConcurrentGCThread "G1 Conc#1" [stack: 0x000000f644900000,0x000000f644a00000] [id=13584]
  0x0000026e26ace800 ConcurrentGCThread "G1 Conc#2" [stack: 0x000000f644a00000,0x000000f644b00000] [id=1612]
  0x0000026e245d5800 ConcurrentGCThread "G1 Refine#0" [stack: 0x000000f642100000,0x000000f642200000] [id=1664]
  0x0000026e245d6000 ConcurrentGCThread "G1 Young RemSet Sampling" [stack: 0x000000f642200000,0x000000f642300000] [id=17088]

Threads with active compile tasks:
C2 CompilerThread0   9807 4117   !   4       javafx.scene.CssStyleHelper::transitionToState (1018 bytes)
C1 CompilerThread0   9807 4194       3       java.lang.ClassLoader::findNative (81 bytes)
C1 CompilerThread1   9807 4192       3       java.util.LinkedList$ListItr::next (56 bytes)

VM state:at safepoint (shutting down)

VM Mutex/Monitor currently owned by a thread:  ([mutex/lock_event])
[0x0000026e7976ac90] Threads_lock - owner thread: 0x0000026e246e9800

Heap address: 0x000000070a200000, size: 3934 MB, Compressed Oops mode: Zero based, Oop shift amount: 3
Narrow klass base: 0x0000000800000000, Narrow klass shift: 0
Compressed class space size: 1073741824 Address: 0x0000000800000000

Heap:
 garbage-first heap   total 251904K, used 61660K [0x000000070a200000, 0x0000000800000000)
  region size 1024K, 54 young (55296K), 6 survivors (6144K)
 Metaspace       used 30958K, capacity 32169K, committed 32432K, reserved 1077248K
  class space    used 4000K, capacity 4511K, committed 4608K, reserved 1048576K
Heap Regions: E=young(eden), S=young(survivor), O=old, HS=humongous(starts), HC=humongous(continues), CS=collection set, F=free, A=archive, TAMS=top-at-mark-start (previous, next)
|   0|0x000000070a200000, 0x000000070a240a00, 0x000000070a300000| 25%| O|  |TAMS 0x000000070a240a00, 0x000000070a200000| Untracked 
|   1|0x000000070a300000, 0x000000070a400000, 0x000000070a400000|100%|HS|  |TAMS 0x000000070a400000, 0x000000070a300000| Complete 
|   2|0x000000070a400000, 0x000000070a500000, 0x000000070a500000|100%|HS|  |TAMS 0x000000070a400000, 0x000000070a400000| Complete 
|   3|0x000000070a500000, 0x000000070a600000, 0x000000070a600000|100%|HC|  |TAMS 0x000000070a500000, 0x000000070a500000| Complete 
|   4|0x000000070a600000, 0x000000070a700000, 0x000000070a700000|100%|HS|  |TAMS 0x000000070a600000, 0x000000070a600000| Complete 
|   5|0x000000070a700000, 0x000000070a800000, 0x000000070a800000|100%|HC|  |TAMS 0x000000070a700000, 0x000000070a700000| Complete 
|   6|0x000000070a800000, 0x000000070a900000, 0x000000070a900000|100%|HC|  |TAMS 0x000000070a800000, 0x000000070a800000| Complete 
|   7|0x000000070a900000, 0x000000070aa00000, 0x000000070aa00000|100%|HS|  |TAMS 0x000000070a900000, 0x000000070a900000| Complete 
|   8|0x000000070aa00000, 0x000000070aa00000, 0x000000070ab00000|  0%| F|  |TAMS 0x000000070aa00000, 0x000000070aa00000| Untracked 
|   9|0x000000070ab00000, 0x000000070ab00000, 0x000000070ac00000|  0%| F|  |TAMS 0x000000070ab00000, 0x000000070ab00000| Untracked 
|  10|0x000000070ac00000, 0x000000070ac00000, 0x000000070ad00000|  0%| F|  |TAMS 0x000000070ac00000, 0x000000070ac00000| Untracked 
|  11|0x000000070ad00000, 0x000000070ad00000, 0x000000070ae00000|  0%| F|  |TAMS 0x000000070ad00000, 0x000000070ad00000| Untracked 
|  12|0x000000070ae00000, 0x000000070ae00000, 0x000000070af00000|  0%| F|  |TAMS 0x000000070ae00000, 0x000000070ae00000| Untracked 
|  13|0x000000070af00000, 0x000000070af00000, 0x000000070b000000|  0%| F|  |TAMS 0x000000070af00000, 0x000000070af00000| Untracked 
|  14|0x000000070b000000, 0x000000070b000000, 0x000000070b100000|  0%| F|  |TAMS 0x000000070b000000, 0x000000070b000000| Untracked 
|  15|0x000000070b100000, 0x000000070b100000, 0x000000070b200000|  0%| F|  |TAMS 0x000000070b100000, 0x000000070b100000| Untracked 
|  16|0x000000070b200000, 0x000000070b200000, 0x000000070b300000|  0%| F|  |TAMS 0x000000070b200000, 0x000000070b200000| Untracked 
|  17|0x000000070b300000, 0x000000070b300000, 0x000000070b400000|  0%| F|  |TAMS 0x000000070b300000, 0x000000070b300000| Untracked 
|  18|0x000000070b400000, 0x000000070b400000, 0x000000070b500000|  0%| F|  |TAMS 0x000000070b400000, 0x000000070b400000| Untracked 
|  19|0x000000070b500000, 0x000000070b500000, 0x000000070b600000|  0%| F|  |TAMS 0x000000070b500000, 0x000000070b500000| Untracked 
|  20|0x000000070b600000, 0x000000070b600000, 0x000000070b700000|  0%| F|  |TAMS 0x000000070b600000, 0x000000070b600000| Untracked 
|  21|0x000000070b700000, 0x000000070b700000, 0x000000070b800000|  0%| F|  |TAMS 0x000000070b700000, 0x000000070b700000| Untracked 
|  22|0x000000070b800000, 0x000000070b800000, 0x000000070b900000|  0%| F|  |TAMS 0x000000070b800000, 0x000000070b800000| Untracked 
|  23|0x000000070b900000, 0x000000070b900000, 0x000000070ba00000|  0%| F|  |TAMS 0x000000070b900000, 0x000000070b900000| Untracked 
|  24|0x000000070ba00000, 0x000000070ba00000, 0x000000070bb00000|  0%| F|  |TAMS 0x000000070ba00000, 0x000000070ba00000| Untracked 
|  25|0x000000070bb00000, 0x000000070bb00000, 0x000000070bc00000|  0%| F|  |TAMS 0x000000070bb00000, 0x000000070bb00000| Untracked 
|  26|0x000000070bc00000, 0x000000070bc00000, 0x000000070bd00000|  0%| F|  |TAMS 0x000000070bc00000, 0x000000070bc00000| Untracked 
|  27|0x000000070bd00000, 0x000000070bd00000, 0x000000070be00000|  0%| F|  |TAMS 0x000000070bd00000, 0x000000070bd00000| Untracked 
|  28|0x000000070be00000, 0x000000070be00000, 0x000000070bf00000|  0%| F|  |TAMS 0x000000070be00000, 0x000000070be00000| Untracked 
|  29|0x000000070bf00000, 0x000000070bf00000, 0x000000070c000000|  0%| F|  |TAMS 0x000000070bf00000, 0x000000070bf00000| Untracked 
|  30|0x000000070c000000, 0x000000070c000000, 0x000000070c100000|  0%| F|  |TAMS 0x000000070c000000, 0x000000070c000000| Untracked 
|  31|0x000000070c100000, 0x000000070c100000, 0x000000070c200000|  0%| F|  |TAMS 0x000000070c100000, 0x000000070c100000| Untracked 
|  32|0x000000070c200000, 0x000000070c200000, 0x000000070c300000|  0%| F|  |TAMS 0x000000070c200000, 0x000000070c200000| Untracked 
|  33|0x000000070c300000, 0x000000070c300000, 0x000000070c400000|  0%| F|  |TAMS 0x000000070c300000, 0x000000070c300000| Untracked 
|  34|0x000000070c400000, 0x000000070c400000, 0x000000070c500000|  0%| F|  |TAMS 0x000000070c400000, 0x000000070c400000| Untracked 
|  35|0x000000070c500000, 0x000000070c500000, 0x000000070c600000|  0%| F|  |TAMS 0x000000070c500000, 0x000000070c500000| Untracked 
|  36|0x000000070c600000, 0x000000070c600000, 0x000000070c700000|  0%| F|  |TAMS 0x000000070c600000, 0x000000070c600000| Untracked 
|  37|0x000000070c700000, 0x000000070c700000, 0x000000070c800000|  0%| F|  |TAMS 0x000000070c700000, 0x000000070c700000| Untracked 
|  38|0x000000070c800000, 0x000000070c800000, 0x000000070c900000|  0%| F|  |TAMS 0x000000070c800000, 0x000000070c800000| Untracked 
|  39|0x000000070c900000, 0x000000070c900000, 0x000000070ca00000|  0%| F|  |TAMS 0x000000070c900000, 0x000000070c900000| Untracked 
|  40|0x000000070ca00000, 0x000000070ca00000, 0x000000070cb00000|  0%| F|  |TAMS 0x000000070ca00000, 0x000000070ca00000| Untracked 
|  41|0x000000070cb00000, 0x000000070cb00000, 0x000000070cc00000|  0%| F|  |TAMS 0x000000070cb00000, 0x000000070cb00000| Untracked 
|  42|0x000000070cc00000, 0x000000070cc00000, 0x000000070cd00000|  0%| F|  |TAMS 0x000000070cc00000, 0x000000070cc00000| Untracked 
|  43|0x000000070cd00000, 0x000000070cd00000, 0x000000070ce00000|  0%| F|  |TAMS 0x000000070cd00000, 0x000000070cd00000| Untracked 
|  44|0x000000070ce00000, 0x000000070ce00000, 0x000000070cf00000|  0%| F|  |TAMS 0x000000070ce00000, 0x000000070ce00000| Untracked 
|  45|0x000000070cf00000, 0x000000070cf00000, 0x000000070d000000|  0%| F|  |TAMS 0x000000070cf00000, 0x000000070cf00000| Untracked 
|  46|0x000000070d000000, 0x000000070d000000, 0x000000070d100000|  0%| F|  |TAMS 0x000000070d000000, 0x000000070d000000| Untracked 
|  47|0x000000070d100000, 0x000000070d100000, 0x000000070d200000|  0%| F|  |TAMS 0x000000070d100000, 0x000000070d100000| Untracked 
|  48|0x000000070d200000, 0x000000070d200000, 0x000000070d300000|  0%| F|  |TAMS 0x000000070d200000, 0x000000070d200000| Untracked 
|  49|0x000000070d300000, 0x000000070d300000, 0x000000070d400000|  0%| F|  |TAMS 0x000000070d300000, 0x000000070d300000| Untracked 
|  50|0x000000070d400000, 0x000000070d400000, 0x000000070d500000|  0%| F|  |TAMS 0x000000070d400000, 0x000000070d400000| Untracked 
|  51|0x000000070d500000, 0x000000070d500000, 0x000000070d600000|  0%| F|  |TAMS 0x000000070d500000, 0x000000070d500000| Untracked 
|  52|0x000000070d600000, 0x000000070d600000, 0x000000070d700000|  0%| F|  |TAMS 0x000000070d600000, 0x000000070d600000| Untracked 
|  53|0x000000070d700000, 0x000000070d700000, 0x000000070d800000|  0%| F|  |TAMS 0x000000070d700000, 0x000000070d700000| Untracked 
|  54|0x000000070d800000, 0x000000070d800000, 0x000000070d900000|  0%| F|  |TAMS 0x000000070d800000, 0x000000070d800000| Untracked 
|  55|0x000000070d900000, 0x000000070d900000, 0x000000070da00000|  0%| F|  |TAMS 0x000000070d900000, 0x000000070d900000| Untracked 
|  56|0x000000070da00000, 0x000000070da00000, 0x000000070db00000|  0%| F|  |TAMS 0x000000070da00000, 0x000000070da00000| Untracked 
|  57|0x000000070db00000, 0x000000070db00000, 0x000000070dc00000|  0%| F|  |TAMS 0x000000070db00000, 0x000000070db00000| Untracked 
|  58|0x000000070dc00000, 0x000000070dc00000, 0x000000070dd00000|  0%| F|  |TAMS 0x000000070dc00000, 0x000000070dc00000| Untracked 
|  59|0x000000070dd00000, 0x000000070dd00000, 0x000000070de00000|  0%| F|  |TAMS 0x000000070dd00000, 0x000000070dd00000| Untracked 
|  60|0x000000070de00000, 0x000000070de00000, 0x000000070df00000|  0%| F|  |TAMS 0x000000070de00000, 0x000000070de00000| Untracked 
|  61|0x000000070df00000, 0x000000070df00000, 0x000000070e000000|  0%| F|  |TAMS 0x000000070df00000, 0x000000070df00000| Untracked 
|  62|0x000000070e000000, 0x000000070e000000, 0x000000070e100000|  0%| F|  |TAMS 0x000000070e000000, 0x000000070e000000| Untracked 
|  63|0x000000070e100000, 0x000000070e100000, 0x000000070e200000|  0%| F|  |TAMS 0x000000070e100000, 0x000000070e100000| Untracked 
|  64|0x000000070e200000, 0x000000070e200000, 0x000000070e300000|  0%| F|  |TAMS 0x000000070e200000, 0x000000070e200000| Untracked 
|  65|0x000000070e300000, 0x000000070e300000, 0x000000070e400000|  0%| F|  |TAMS 0x000000070e300000, 0x000000070e300000| Untracked 
|  66|0x000000070e400000, 0x000000070e400000, 0x000000070e500000|  0%| F|  |TAMS 0x000000070e400000, 0x000000070e400000| Untracked 
|  67|0x000000070e500000, 0x000000070e500000, 0x000000070e600000|  0%| F|  |TAMS 0x000000070e500000, 0x000000070e500000| Untracked 
|  68|0x000000070e600000, 0x000000070e600000, 0x000000070e700000|  0%| F|  |TAMS 0x000000070e600000, 0x000000070e600000| Untracked 
|  69|0x000000070e700000, 0x000000070e700000, 0x000000070e800000|  0%| F|  |TAMS 0x000000070e700000, 0x000000070e700000| Untracked 
|  70|0x000000070e800000, 0x000000070e800000, 0x000000070e900000|  0%| F|  |TAMS 0x000000070e800000, 0x000000070e800000| Untracked 
|  71|0x000000070e900000, 0x000000070e900000, 0x000000070ea00000|  0%| F|  |TAMS 0x000000070e900000, 0x000000070e900000| Untracked 
|  72|0x000000070ea00000, 0x000000070ea00000, 0x000000070eb00000|  0%| F|  |TAMS 0x000000070ea00000, 0x000000070ea00000| Untracked 
|  73|0x000000070eb00000, 0x000000070eb00000, 0x000000070ec00000|  0%| F|  |TAMS 0x000000070eb00000, 0x000000070eb00000| Untracked 
|  74|0x000000070ec00000, 0x000000070ec00000, 0x000000070ed00000|  0%| F|  |TAMS 0x000000070ec00000, 0x000000070ec00000| Untracked 
|  75|0x000000070ed00000, 0x000000070ed00000, 0x000000070ee00000|  0%| F|  |TAMS 0x000000070ed00000, 0x000000070ed00000| Untracked 
|  76|0x000000070ee00000, 0x000000070ee00000, 0x000000070ef00000|  0%| F|  |TAMS 0x000000070ee00000, 0x000000070ee00000| Untracked 
|  77|0x000000070ef00000, 0x000000070ef00000, 0x000000070f000000|  0%| F|  |TAMS 0x000000070ef00000, 0x000000070ef00000| Untracked 
|  78|0x000000070f000000, 0x000000070f000000, 0x000000070f100000|  0%| F|  |TAMS 0x000000070f000000, 0x000000070f000000| Untracked 
|  79|0x000000070f100000, 0x000000070f100000, 0x000000070f200000|  0%| F|  |TAMS 0x000000070f100000, 0x000000070f100000| Untracked 
|  80|0x000000070f200000, 0x000000070f200000, 0x000000070f300000|  0%| F|  |TAMS 0x000000070f200000, 0x000000070f200000| Untracked 
|  81|0x000000070f300000, 0x000000070f300000, 0x000000070f400000|  0%| F|  |TAMS 0x000000070f300000, 0x000000070f300000| Untracked 
|  82|0x000000070f400000, 0x000000070f400000, 0x000000070f500000|  0%| F|  |TAMS 0x000000070f400000, 0x000000070f400000| Untracked 
|  83|0x000000070f500000, 0x000000070f500000, 0x000000070f600000|  0%| F|  |TAMS 0x000000070f500000, 0x000000070f500000| Untracked 
|  84|0x000000070f600000, 0x000000070f600000, 0x000000070f700000|  0%| F|  |TAMS 0x000000070f600000, 0x000000070f600000| Untracked 
|  85|0x000000070f700000, 0x000000070f700000, 0x000000070f800000|  0%| F|  |TAMS 0x000000070f700000, 0x000000070f700000| Untracked 
|  86|0x000000070f800000, 0x000000070f800000, 0x000000070f900000|  0%| F|  |TAMS 0x000000070f800000, 0x000000070f800000| Untracked 
|  87|0x000000070f900000, 0x000000070f900000, 0x000000070fa00000|  0%| F|  |TAMS 0x000000070f900000, 0x000000070f900000| Untracked 
|  88|0x000000070fa00000, 0x000000070fa00000, 0x000000070fb00000|  0%| F|  |TAMS 0x000000070fa00000, 0x000000070fa00000| Untracked 
|  89|0x000000070fb00000, 0x000000070fb00000, 0x000000070fc00000|  0%| F|  |TAMS 0x000000070fb00000, 0x000000070fb00000| Untracked 
|  90|0x000000070fc00000, 0x000000070fc00000, 0x000000070fd00000|  0%| F|  |TAMS 0x000000070fc00000, 0x000000070fc00000| Untracked 
|  91|0x000000070fd00000, 0x000000070fd00000, 0x000000070fe00000|  0%| F|  |TAMS 0x000000070fd00000, 0x000000070fd00000| Untracked 
|  92|0x000000070fe00000, 0x000000070fe00000, 0x000000070ff00000|  0%| F|  |TAMS 0x000000070fe00000, 0x000000070fe00000| Untracked 
|  93|0x000000070ff00000, 0x000000070ff00000, 0x0000000710000000|  0%| F|  |TAMS 0x000000070ff00000, 0x000000070ff00000| Untracked 
|  94|0x0000000710000000, 0x0000000710000000, 0x0000000710100000|  0%| F|  |TAMS 0x0000000710000000, 0x0000000710000000| Untracked 
|  95|0x0000000710100000, 0x0000000710100000, 0x0000000710200000|  0%| F|  |TAMS 0x0000000710100000, 0x0000000710100000| Untracked 
|  96|0x0000000710200000, 0x0000000710200000, 0x0000000710300000|  0%| F|  |TAMS 0x0000000710200000, 0x0000000710200000| Untracked 
|  97|0x0000000710300000, 0x0000000710300000, 0x0000000710400000|  0%| F|  |TAMS 0x0000000710300000, 0x0000000710300000| Untracked 
|  98|0x0000000710400000, 0x0000000710400000, 0x0000000710500000|  0%| F|  |TAMS 0x0000000710400000, 0x0000000710400000| Untracked 
|  99|0x0000000710500000, 0x0000000710500000, 0x0000000710600000|  0%| F|  |TAMS 0x0000000710500000, 0x0000000710500000| Untracked 
| 100|0x0000000710600000, 0x0000000710600000, 0x0000000710700000|  0%| F|  |TAMS 0x0000000710600000, 0x0000000710600000| Untracked 
| 101|0x0000000710700000, 0x0000000710700000, 0x0000000710800000|  0%| F|  |TAMS 0x0000000710700000, 0x0000000710700000| Untracked 
| 102|0x0000000710800000, 0x0000000710800000, 0x0000000710900000|  0%| F|  |TAMS 0x0000000710800000, 0x0000000710800000| Untracked 
| 103|0x0000000710900000, 0x0000000710900000, 0x0000000710a00000|  0%| F|  |TAMS 0x0000000710900000, 0x0000000710900000| Untracked 
| 104|0x0000000710a00000, 0x0000000710a00000, 0x0000000710b00000|  0%| F|  |TAMS 0x0000000710a00000, 0x0000000710a00000| Untracked 
| 105|0x0000000710b00000, 0x0000000710b00000, 0x0000000710c00000|  0%| F|  |TAMS 0x0000000710b00000, 0x0000000710b00000| Untracked 
| 106|0x0000000710c00000, 0x0000000710c00000, 0x0000000710d00000|  0%| F|  |TAMS 0x0000000710c00000, 0x0000000710c00000| Untracked 
| 107|0x0000000710d00000, 0x0000000710d00000, 0x0000000710e00000|  0%| F|  |TAMS 0x0000000710d00000, 0x0000000710d00000| Untracked 
| 108|0x0000000710e00000, 0x0000000710e00000, 0x0000000710f00000|  0%| F|  |TAMS 0x0000000710e00000, 0x0000000710e00000| Untracked 
| 109|0x0000000710f00000, 0x0000000710f00000, 0x0000000711000000|  0%| F|  |TAMS 0x0000000710f00000, 0x0000000710f00000| Untracked 
| 110|0x0000000711000000, 0x0000000711000000, 0x0000000711100000|  0%| F|  |TAMS 0x0000000711000000, 0x0000000711000000| Untracked 
| 111|0x0000000711100000, 0x0000000711100000, 0x0000000711200000|  0%| F|  |TAMS 0x0000000711100000, 0x0000000711100000| Untracked 
| 112|0x0000000711200000, 0x0000000711200000, 0x0000000711300000|  0%| F|  |TAMS 0x0000000711200000, 0x0000000711200000| Untracked 
| 113|0x0000000711300000, 0x0000000711300000, 0x0000000711400000|  0%| F|  |TAMS 0x0000000711300000, 0x0000000711300000| Untracked 
| 114|0x0000000711400000, 0x0000000711400000, 0x0000000711500000|  0%| F|  |TAMS 0x0000000711400000, 0x0000000711400000| Untracked 
| 115|0x0000000711500000, 0x0000000711500000, 0x0000000711600000|  0%| F|  |TAMS 0x0000000711500000, 0x0000000711500000| Untracked 
| 116|0x0000000711600000, 0x0000000711600000, 0x0000000711700000|  0%| F|  |TAMS 0x0000000711600000, 0x0000000711600000| Untracked 
| 117|0x0000000711700000, 0x0000000711700000, 0x0000000711800000|  0%| F|  |TAMS 0x0000000711700000, 0x0000000711700000| Untracked 
| 118|0x0000000711800000, 0x0000000711800000, 0x0000000711900000|  0%| F|  |TAMS 0x0000000711800000, 0x0000000711800000| Untracked 
| 119|0x0000000711900000, 0x0000000711900000, 0x0000000711a00000|  0%| F|  |TAMS 0x0000000711900000, 0x0000000711900000| Untracked 
| 120|0x0000000711a00000, 0x0000000711a00000, 0x0000000711b00000|  0%| F|  |TAMS 0x0000000711a00000, 0x0000000711a00000| Untracked 
| 121|0x0000000711b00000, 0x0000000711b00000, 0x0000000711c00000|  0%| F|  |TAMS 0x0000000711b00000, 0x0000000711b00000| Untracked 
| 122|0x0000000711c00000, 0x0000000711c00000, 0x0000000711d00000|  0%| F|  |TAMS 0x0000000711c00000, 0x0000000711c00000| Untracked 
| 123|0x0000000711d00000, 0x0000000711d00000, 0x0000000711e00000|  0%| F|  |TAMS 0x0000000711d00000, 0x0000000711d00000| Untracked 
| 124|0x0000000711e00000, 0x0000000711e00000, 0x0000000711f00000|  0%| F|  |TAMS 0x0000000711e00000, 0x0000000711e00000| Untracked 
| 125|0x0000000711f00000, 0x0000000711f00000, 0x0000000712000000|  0%| F|  |TAMS 0x0000000711f00000, 0x0000000711f00000| Untracked 
| 126|0x0000000712000000, 0x0000000712000000, 0x0000000712100000|  0%| F|  |TAMS 0x0000000712000000, 0x0000000712000000| Untracked 
| 127|0x0000000712100000, 0x0000000712100000, 0x0000000712200000|  0%| F|  |TAMS 0x0000000712100000, 0x0000000712100000| Untracked 
| 128|0x0000000712200000, 0x0000000712200000, 0x0000000712300000|  0%| F|  |TAMS 0x0000000712200000, 0x0000000712200000| Untracked 
| 129|0x0000000712300000, 0x0000000712300000, 0x0000000712400000|  0%| F|  |TAMS 0x0000000712300000, 0x0000000712300000| Untracked 
| 130|0x0000000712400000, 0x0000000712400000, 0x0000000712500000|  0%| F|  |TAMS 0x0000000712400000, 0x0000000712400000| Untracked 
| 131|0x0000000712500000, 0x0000000712500000, 0x0000000712600000|  0%| F|  |TAMS 0x0000000712500000, 0x0000000712500000| Untracked 
| 132|0x0000000712600000, 0x0000000712600000, 0x0000000712700000|  0%| F|  |TAMS 0x0000000712600000, 0x0000000712600000| Untracked 
| 133|0x0000000712700000, 0x0000000712700000, 0x0000000712800000|  0%| F|  |TAMS 0x0000000712700000, 0x0000000712700000| Untracked 
| 134|0x0000000712800000, 0x0000000712800000, 0x0000000712900000|  0%| F|  |TAMS 0x0000000712800000, 0x0000000712800000| Untracked 
| 135|0x0000000712900000, 0x0000000712900000, 0x0000000712a00000|  0%| F|  |TAMS 0x0000000712900000, 0x0000000712900000| Untracked 
| 136|0x0000000712a00000, 0x0000000712a00000, 0x0000000712b00000|  0%| F|  |TAMS 0x0000000712a00000, 0x0000000712a00000| Untracked 
| 137|0x0000000712b00000, 0x0000000712b00000, 0x0000000712c00000|  0%| F|  |TAMS 0x0000000712b00000, 0x0000000712b00000| Untracked 
| 138|0x0000000712c00000, 0x0000000712c00000, 0x0000000712d00000|  0%| F|  |TAMS 0x0000000712c00000, 0x0000000712c00000| Untracked 
| 139|0x0000000712d00000, 0x0000000712d00000, 0x0000000712e00000|  0%| F|  |TAMS 0x0000000712d00000, 0x0000000712d00000| Untracked 
| 140|0x0000000712e00000, 0x0000000712e00000, 0x0000000712f00000|  0%| F|  |TAMS 0x0000000712e00000, 0x0000000712e00000| Untracked 
| 141|0x0000000712f00000, 0x0000000712f00000, 0x0000000713000000|  0%| F|  |TAMS 0x0000000712f00000, 0x0000000712f00000| Untracked 
| 142|0x0000000713000000, 0x0000000713000000, 0x0000000713100000|  0%| F|  |TAMS 0x0000000713000000, 0x0000000713000000| Untracked 
| 143|0x0000000713100000, 0x0000000713100000, 0x0000000713200000|  0%| F|  |TAMS 0x0000000713100000, 0x0000000713100000| Untracked 
| 144|0x0000000713200000, 0x0000000713200000, 0x0000000713300000|  0%| F|  |TAMS 0x0000000713200000, 0x0000000713200000| Untracked 
| 145|0x0000000713300000, 0x0000000713300000, 0x0000000713400000|  0%| F|  |TAMS 0x0000000713300000, 0x0000000713300000| Untracked 
| 146|0x0000000713400000, 0x0000000713400000, 0x0000000713500000|  0%| F|  |TAMS 0x0000000713400000, 0x0000000713400000| Untracked 
| 147|0x0000000713500000, 0x0000000713500000, 0x0000000713600000|  0%| F|  |TAMS 0x0000000713500000, 0x0000000713500000| Untracked 
| 148|0x0000000713600000, 0x0000000713600000, 0x0000000713700000|  0%| F|  |TAMS 0x0000000713600000, 0x0000000713600000| Untracked 
| 149|0x0000000713700000, 0x0000000713700000, 0x0000000713800000|  0%| F|  |TAMS 0x0000000713700000, 0x0000000713700000| Untracked 
| 150|0x0000000713800000, 0x0000000713800000, 0x0000000713900000|  0%| F|  |TAMS 0x0000000713800000, 0x0000000713800000| Untracked 
| 151|0x0000000713900000, 0x0000000713900000, 0x0000000713a00000|  0%| F|  |TAMS 0x0000000713900000, 0x0000000713900000| Untracked 
| 152|0x0000000713a00000, 0x0000000713a00000, 0x0000000713b00000|  0%| F|  |TAMS 0x0000000713a00000, 0x0000000713a00000| Untracked 
| 153|0x0000000713b00000, 0x0000000713b00000, 0x0000000713c00000|  0%| F|  |TAMS 0x0000000713b00000, 0x0000000713b00000| Untracked 
| 154|0x0000000713c00000, 0x0000000713c00000, 0x0000000713d00000|  0%| F|  |TAMS 0x0000000713c00000, 0x0000000713c00000| Untracked 
| 155|0x0000000713d00000, 0x0000000713d00000, 0x0000000713e00000|  0%| F|  |TAMS 0x0000000713d00000, 0x0000000713d00000| Untracked 
| 156|0x0000000713e00000, 0x0000000713e00000, 0x0000000713f00000|  0%| F|  |TAMS 0x0000000713e00000, 0x0000000713e00000| Untracked 
| 157|0x0000000713f00000, 0x0000000713f00000, 0x0000000714000000|  0%| F|  |TAMS 0x0000000713f00000, 0x0000000713f00000| Untracked 
| 158|0x0000000714000000, 0x0000000714000000, 0x0000000714100000|  0%| F|  |TAMS 0x0000000714000000, 0x0000000714000000| Untracked 
| 159|0x0000000714100000, 0x0000000714100000, 0x0000000714200000|  0%| F|  |TAMS 0x0000000714100000, 0x0000000714100000| Untracked 
| 160|0x0000000714200000, 0x0000000714200000, 0x0000000714300000|  0%| F|  |TAMS 0x0000000714200000, 0x0000000714200000| Untracked 
| 161|0x0000000714300000, 0x0000000714300000, 0x0000000714400000|  0%| F|  |TAMS 0x0000000714300000, 0x0000000714300000| Untracked 
| 162|0x0000000714400000, 0x0000000714400000, 0x0000000714500000|  0%| F|  |TAMS 0x0000000714400000, 0x0000000714400000| Untracked 
| 163|0x0000000714500000, 0x0000000714500000, 0x0000000714600000|  0%| F|  |TAMS 0x0000000714500000, 0x0000000714500000| Untracked 
| 164|0x0000000714600000, 0x0000000714600000, 0x0000000714700000|  0%| F|  |TAMS 0x0000000714600000, 0x0000000714600000| Untracked 
| 165|0x0000000714700000, 0x0000000714700000, 0x0000000714800000|  0%| F|  |TAMS 0x0000000714700000, 0x0000000714700000| Untracked 
| 166|0x0000000714800000, 0x0000000714800000, 0x0000000714900000|  0%| F|  |TAMS 0x0000000714800000, 0x0000000714800000| Untracked 
| 167|0x0000000714900000, 0x0000000714900000, 0x0000000714a00000|  0%| F|  |TAMS 0x0000000714900000, 0x0000000714900000| Untracked 
| 168|0x0000000714a00000, 0x0000000714a00000, 0x0000000714b00000|  0%| F|  |TAMS 0x0000000714a00000, 0x0000000714a00000| Untracked 
| 169|0x0000000714b00000, 0x0000000714b00000, 0x0000000714c00000|  0%| F|  |TAMS 0x0000000714b00000, 0x0000000714b00000| Untracked 
| 170|0x0000000714c00000, 0x0000000714c00000, 0x0000000714d00000|  0%| F|  |TAMS 0x0000000714c00000, 0x0000000714c00000| Untracked 
| 171|0x0000000714d00000, 0x0000000714d00000, 0x0000000714e00000|  0%| F|  |TAMS 0x0000000714d00000, 0x0000000714d00000| Untracked 
| 172|0x0000000714e00000, 0x0000000714e00000, 0x0000000714f00000|  0%| F|  |TAMS 0x0000000714e00000, 0x0000000714e00000| Untracked 
| 173|0x0000000714f00000, 0x0000000714f00000, 0x0000000715000000|  0%| F|  |TAMS 0x0000000714f00000, 0x0000000714f00000| Untracked 
| 174|0x0000000715000000, 0x0000000715000000, 0x0000000715100000|  0%| F|  |TAMS 0x0000000715000000, 0x0000000715000000| Untracked 
| 175|0x0000000715100000, 0x0000000715100000, 0x0000000715200000|  0%| F|  |TAMS 0x0000000715100000, 0x0000000715100000| Untracked 
| 176|0x0000000715200000, 0x0000000715200000, 0x0000000715300000|  0%| F|  |TAMS 0x0000000715200000, 0x0000000715200000| Untracked 
| 177|0x0000000715300000, 0x0000000715300000, 0x0000000715400000|  0%| F|  |TAMS 0x0000000715300000, 0x0000000715300000| Untracked 
| 178|0x0000000715400000, 0x0000000715400000, 0x0000000715500000|  0%| F|  |TAMS 0x0000000715400000, 0x0000000715400000| Untracked 
| 179|0x0000000715500000, 0x0000000715500000, 0x0000000715600000|  0%| F|  |TAMS 0x0000000715500000, 0x0000000715500000| Untracked 
| 180|0x0000000715600000, 0x0000000715600000, 0x0000000715700000|  0%| F|  |TAMS 0x0000000715600000, 0x0000000715600000| Untracked 
| 181|0x0000000715700000, 0x0000000715700000, 0x0000000715800000|  0%| F|  |TAMS 0x0000000715700000, 0x0000000715700000| Untracked 
| 182|0x0000000715800000, 0x0000000715800000, 0x0000000715900000|  0%| F|  |TAMS 0x0000000715800000, 0x0000000715800000| Untracked 
| 183|0x0000000715900000, 0x0000000715900000, 0x0000000715a00000|  0%| F|  |TAMS 0x0000000715900000, 0x0000000715900000| Untracked 
| 184|0x0000000715a00000, 0x0000000715a00000, 0x0000000715b00000|  0%| F|  |TAMS 0x0000000715a00000, 0x0000000715a00000| Untracked 
| 185|0x0000000715b00000, 0x0000000715b00000, 0x0000000715c00000|  0%| F|  |TAMS 0x0000000715b00000, 0x0000000715b00000| Untracked 
| 186|0x0000000715c00000, 0x0000000715c00000, 0x0000000715d00000|  0%| F|  |TAMS 0x0000000715c00000, 0x0000000715c00000| Untracked 
| 187|0x0000000715d00000, 0x0000000715d00000, 0x0000000715e00000|  0%| F|  |TAMS 0x0000000715d00000, 0x0000000715d00000| Untracked 
| 188|0x0000000715e00000, 0x0000000715e00000, 0x0000000715f00000|  0%| F|  |TAMS 0x0000000715e00000, 0x0000000715e00000| Untracked 
| 189|0x0000000715f00000, 0x0000000715f00000, 0x0000000716000000|  0%| F|  |TAMS 0x0000000715f00000, 0x0000000715f00000| Untracked 
| 190|0x0000000716000000, 0x0000000716000000, 0x0000000716100000|  0%| F|  |TAMS 0x0000000716000000, 0x0000000716000000| Untracked 
| 191|0x0000000716100000, 0x0000000716100000, 0x0000000716200000|  0%| F|  |TAMS 0x0000000716100000, 0x0000000716100000| Untracked 
| 192|0x0000000716200000, 0x000000071622c068, 0x0000000716300000| 17%| E|  |TAMS 0x0000000716200000, 0x0000000716200000| Complete 
| 193|0x0000000716300000, 0x0000000716400000, 0x0000000716400000|100%| E|CS|TAMS 0x0000000716300000, 0x0000000716300000| Complete 
| 194|0x0000000716400000, 0x0000000716500000, 0x0000000716500000|100%| E|CS|TAMS 0x0000000716400000, 0x0000000716400000| Complete 
| 195|0x0000000716500000, 0x0000000716600000, 0x0000000716600000|100%| E|CS|TAMS 0x0000000716500000, 0x0000000716500000| Complete 
| 196|0x0000000716600000, 0x0000000716700000, 0x0000000716700000|100%| E|CS|TAMS 0x0000000716600000, 0x0000000716600000| Complete 
| 197|0x0000000716700000, 0x0000000716800000, 0x0000000716800000|100%| E|CS|TAMS 0x0000000716700000, 0x0000000716700000| Complete 
| 198|0x0000000716800000, 0x0000000716900000, 0x0000000716900000|100%| E|CS|TAMS 0x0000000716800000, 0x0000000716800000| Complete 
| 199|0x0000000716900000, 0x0000000716a00000, 0x0000000716a00000|100%| E|CS|TAMS 0x0000000716900000, 0x0000000716900000| Complete 
| 200|0x0000000716a00000, 0x0000000716b00000, 0x0000000716b00000|100%| E|CS|TAMS 0x0000000716a00000, 0x0000000716a00000| Complete 
| 201|0x0000000716b00000, 0x0000000716c00000, 0x0000000716c00000|100%| E|CS|TAMS 0x0000000716b00000, 0x0000000716b00000| Complete 
| 202|0x0000000716c00000, 0x0000000716d00000, 0x0000000716d00000|100%| E|CS|TAMS 0x0000000716c00000, 0x0000000716c00000| Complete 
| 203|0x0000000716d00000, 0x0000000716e00000, 0x0000000716e00000|100%| E|CS|TAMS 0x0000000716d00000, 0x0000000716d00000| Complete 
| 204|0x0000000716e00000, 0x0000000716f00000, 0x0000000716f00000|100%| E|CS|TAMS 0x0000000716e00000, 0x0000000716e00000| Complete 
| 205|0x0000000716f00000, 0x0000000717000000, 0x0000000717000000|100%| E|CS|TAMS 0x0000000716f00000, 0x0000000716f00000| Complete 
| 206|0x0000000717000000, 0x0000000717100000, 0x0000000717100000|100%| E|CS|TAMS 0x0000000717000000, 0x0000000717000000| Complete 
| 207|0x0000000717100000, 0x0000000717200000, 0x0000000717200000|100%| E|CS|TAMS 0x0000000717100000, 0x0000000717100000| Complete 
| 208|0x0000000717200000, 0x0000000717300000, 0x0000000717300000|100%| E|CS|TAMS 0x0000000717200000, 0x0000000717200000| Complete 
| 209|0x0000000717300000, 0x0000000717400000, 0x0000000717400000|100%| E|CS|TAMS 0x0000000717300000, 0x0000000717300000| Complete 
| 210|0x0000000717400000, 0x0000000717500000, 0x0000000717500000|100%| E|CS|TAMS 0x0000000717400000, 0x0000000717400000| Complete 
| 211|0x0000000717500000, 0x0000000717600000, 0x0000000717600000|100%| E|CS|TAMS 0x0000000717500000, 0x0000000717500000| Complete 
| 212|0x0000000717600000, 0x0000000717700000, 0x0000000717700000|100%| E|CS|TAMS 0x0000000717600000, 0x0000000717600000| Complete 
| 213|0x0000000717700000, 0x00000007177f68e8, 0x0000000717800000| 96%| S|CS|TAMS 0x0000000717700000, 0x0000000717700000| Complete 
| 214|0x0000000717800000, 0x0000000717900000, 0x0000000717900000|100%| S|CS|TAMS 0x0000000717800000, 0x0000000717800000| Complete 
| 215|0x0000000717900000, 0x0000000717a00000, 0x0000000717a00000|100%| S|CS|TAMS 0x0000000717900000, 0x0000000717900000| Complete 
| 216|0x0000000717a00000, 0x0000000717b00000, 0x0000000717b00000|100%| S|CS|TAMS 0x0000000717a00000, 0x0000000717a00000| Complete 
| 217|0x0000000717b00000, 0x0000000717c00000, 0x0000000717c00000|100%| S|CS|TAMS 0x0000000717b00000, 0x0000000717b00000| Complete 
| 218|0x0000000717c00000, 0x0000000717d00000, 0x0000000717d00000|100%| S|CS|TAMS 0x0000000717c00000, 0x0000000717c00000| Complete 
| 219|0x0000000717d00000, 0x0000000717e00000, 0x0000000717e00000|100%| E|CS|TAMS 0x0000000717d00000, 0x0000000717d00000| Complete 
| 220|0x0000000717e00000, 0x0000000717f00000, 0x0000000717f00000|100%| E|CS|TAMS 0x0000000717e00000, 0x0000000717e00000| Complete 
| 221|0x0000000717f00000, 0x0000000718000000, 0x0000000718000000|100%| E|CS|TAMS 0x0000000717f00000, 0x0000000717f00000| Complete 
| 222|0x0000000718000000, 0x0000000718100000, 0x0000000718100000|100%| E|CS|TAMS 0x0000000718000000, 0x0000000718000000| Complete 
| 223|0x0000000718100000, 0x0000000718200000, 0x0000000718200000|100%| E|CS|TAMS 0x0000000718100000, 0x0000000718100000| Complete 
| 224|0x0000000718200000, 0x0000000718300000, 0x0000000718300000|100%| E|CS|TAMS 0x0000000718200000, 0x0000000718200000| Complete 
| 225|0x0000000718300000, 0x0000000718400000, 0x0000000718400000|100%| E|CS|TAMS 0x0000000718300000, 0x0000000718300000| Complete 
| 226|0x0000000718400000, 0x0000000718500000, 0x0000000718500000|100%| E|CS|TAMS 0x0000000718400000, 0x0000000718400000| Complete 
| 227|0x0000000718500000, 0x0000000718600000, 0x0000000718600000|100%| E|CS|TAMS 0x0000000718500000, 0x0000000718500000| Complete 
| 228|0x0000000718600000, 0x0000000718700000, 0x0000000718700000|100%| E|CS|TAMS 0x0000000718600000, 0x0000000718600000| Complete 
| 229|0x0000000718700000, 0x0000000718800000, 0x0000000718800000|100%| E|CS|TAMS 0x0000000718700000, 0x0000000718700000| Complete 
| 230|0x0000000718800000, 0x0000000718900000, 0x0000000718900000|100%| E|CS|TAMS 0x0000000718800000, 0x0000000718800000| Complete 
| 231|0x0000000718900000, 0x0000000718a00000, 0x0000000718a00000|100%| E|CS|TAMS 0x0000000718900000, 0x0000000718900000| Complete 
| 232|0x0000000718a00000, 0x0000000718b00000, 0x0000000718b00000|100%| E|CS|TAMS 0x0000000718a00000, 0x0000000718a00000| Complete 
| 233|0x0000000718b00000, 0x0000000718c00000, 0x0000000718c00000|100%| E|CS|TAMS 0x0000000718b00000, 0x0000000718b00000| Complete 
| 234|0x0000000718c00000, 0x0000000718d00000, 0x0000000718d00000|100%| E|CS|TAMS 0x0000000718c00000, 0x0000000718c00000| Complete 
| 235|0x0000000718d00000, 0x0000000718e00000, 0x0000000718e00000|100%| E|CS|TAMS 0x0000000718d00000, 0x0000000718d00000| Complete 
| 236|0x0000000718e00000, 0x0000000718f00000, 0x0000000718f00000|100%| E|CS|TAMS 0x0000000718e00000, 0x0000000718e00000| Complete 
| 237|0x0000000718f00000, 0x0000000719000000, 0x0000000719000000|100%| E|CS|TAMS 0x0000000718f00000, 0x0000000718f00000| Complete 
| 238|0x0000000719000000, 0x0000000719100000, 0x0000000719100000|100%| E|CS|TAMS 0x0000000719000000, 0x0000000719000000| Complete 
| 239|0x0000000719100000, 0x0000000719200000, 0x0000000719200000|100%| E|CS|TAMS 0x0000000719100000, 0x0000000719100000| Complete 
| 240|0x0000000719200000, 0x0000000719300000, 0x0000000719300000|100%| E|CS|TAMS 0x0000000719200000, 0x0000000719200000| Complete 
| 241|0x0000000719300000, 0x0000000719400000, 0x0000000719400000|100%| E|CS|TAMS 0x0000000719300000, 0x0000000719300000| Complete 
| 242|0x0000000719400000, 0x0000000719500000, 0x0000000719500000|100%| E|CS|TAMS 0x0000000719400000, 0x0000000719400000| Complete 
| 243|0x0000000719500000, 0x0000000719600000, 0x0000000719600000|100%| E|CS|TAMS 0x0000000719500000, 0x0000000719500000| Complete 
| 244|0x0000000719600000, 0x0000000719700000, 0x0000000719700000|100%| E|CS|TAMS 0x0000000719600000, 0x0000000719600000| Complete 
| 245|0x0000000719700000, 0x0000000719800000, 0x0000000719800000|100%| E|CS|TAMS 0x0000000719700000, 0x0000000719700000| Complete 

Card table byte_map: [0x0000026e18b60000,0x0000026e19310000] _byte_map_base: 0x0000026e1530f000

Marking Bits (Prev, Next): (CMBitMap*) 0x0000026e797cec10, (CMBitMap*) 0x0000026e797cebd8
 Prev Bits: [0x0000026e1d840000, 0x0000026e215b8000)
 Next Bits: [0x0000026e19ac0000, 0x0000026e1d838000)

Polling page: 0x0000026e00000000

Metaspace:

Usage:
  Non-class:     27.01 MB capacity,    26.33 MB ( 97%) used,   559.77 KB (  2%) free+waste,   140.50 KB ( <1%) overhead. 
      Class:      4.41 MB capacity,     3.91 MB ( 89%) used,   439.19 KB ( 10%) free+waste,    71.31 KB (  2%) overhead. 
       Both:     31.42 MB capacity,    30.23 MB ( 96%) used,   998.95 KB (  3%) free+waste,   211.81 KB ( <1%) overhead. 

Virtual space:
  Non-class space:       28.00 MB reserved,      27.17 MB ( 97%) committed 
      Class space:        1.00 GB reserved,       4.50 MB ( <1%) committed 
             Both:        1.03 GB reserved,      31.67 MB (  3%) committed 

Chunk freelists:
   Non-Class:  4.75 KB
       Class:  128 bytes
        Both:  4.88 KB

CodeHeap 'non-profiled nmethods': size=119168Kb used=1743Kb max_used=1743Kb free=117424Kb
 bounds [0x0000026e0ff70000, 0x0000026e101e0000, 0x0000026e173d0000]
CodeHeap 'profiled nmethods': size=119168Kb used=8726Kb max_used=8726Kb free=110441Kb
 bounds [0x0000026e08b10000, 0x0000026e093a0000, 0x0000026e0ff70000]
CodeHeap 'non-nmethods': size=7424Kb used=1946Kb max_used=3127Kb free=5477Kb
 bounds [0x0000026e083d0000, 0x0000026e086f0000, 0x0000026e08b10000]
 total_blobs=5010 nmethods=4188 adapters=732
 compilation: enabled
              stopped_count=0, restarted_count=0
 full_count=0

Compilation events (10 events):
Event: 9.066 Thread 0x0000026e25009800 4189       3       java.util.ArrayDeque::isEmpty (17 bytes)
Event: 9.066 Thread 0x0000026e25261000 4190       3       javafx.scene.Scene$TargetWrapper::set (11 bytes)
Event: 9.066 Thread 0x0000026e25009800 nmethod 4189 0x0000026e09393e90 code [0x0000026e09394020, 0x0000026e09394178]
Event: 9.066 Thread 0x0000026e25261000 nmethod 4190 0x0000026e09394210 code [0x0000026e093943c0, 0x0000026e09394598]
Event: 9.073 Thread 0x0000026e25009800 4191       3       javafx.scene.Scene::getFocusOwner (11 bytes)
Event: 9.073 Thread 0x0000026e25009800 nmethod 4191 0x0000026e09394610 code [0x0000026e093947e0, 0x0000026e09394c08]
Event: 9.085 Thread 0x0000026e25261000 4192       3       java.util.LinkedList$ListItr::next (56 bytes)
Event: 9.085 Thread 0x0000026e25009800 4193       3       java.util.LinkedList$ListItr::checkForComodification (23 bytes)
Event: 9.085 Thread 0x0000026e25009800 nmethod 4193 0x0000026e09394d10 code [0x0000026e09394ec0, 0x0000026e093950e8]
Event: 9.085 Thread 0x0000026e25009800 4194       3       java.lang.ClassLoader::findNative (81 bytes)

GC Heap History (4 events):
Event: 1.033 GC heap before
{Heap before GC invocations=0 (full 0):
 garbage-first heap   total 251904K, used 23552K [0x000000070a200000, 0x0000000800000000)
  region size 1024K, 24 young (24576K), 0 survivors (0K)
 Metaspace       used 12057K, capacity 12434K, committed 12544K, reserved 1060864K
  class space    used 1314K, capacity 1454K, committed 1536K, reserved 1048576K
}
Event: 1.037 GC heap after
{Heap after GC invocations=1 (full 0):
 garbage-first heap   total 251904K, used 3330K [0x000000070a200000, 0x0000000800000000)
  region size 1024K, 3 young (3072K), 3 survivors (3072K)
 Metaspace       used 12057K, capacity 12434K, committed 12544K, reserved 1060864K
  class space    used 1314K, capacity 1454K, committed 1536K, reserved 1048576K
}
Event: 1.593 GC heap before
{Heap before GC invocations=1 (full 0):
 garbage-first heap   total 251904K, used 27906K [0x000000070a200000, 0x0000000800000000)
  region size 1024K, 27 young (27648K), 3 survivors (3072K)
 Metaspace       used 20583K, capacity 21171K, committed 21296K, reserved 1069056K
  class space    used 2468K, capacity 2685K, committed 2688K, reserved 1048576K
}
Event: 1.599 GC heap after
{Heap after GC invocations=2 (full 0):
 garbage-first heap   total 251904K, used 7388K [0x000000070a200000, 0x0000000800000000)
  region size 1024K, 6 young (6144K), 6 survivors (6144K)
 Metaspace       used 20583K, capacity 21171K, committed 21296K, reserved 1069056K
  class space    used 2468K, capacity 2685K, committed 2688K, reserved 1048576K
}

Deoptimization events (10 events):
Event: 6.360 Thread 0x0000026e2657c000 Uncommon trap: reason=array_check action=maybe_recompile pc=0x0000026e1009ab78 method=javafx.css.SimpleSelector.applies(Ljavafx/css/Styleable;[Ljava/util/Set;I)Z @ 37 c2
Event: 6.361 Thread 0x0000026e2657c000 Uncommon trap: reason=array_check action=maybe_recompile pc=0x0000026e1009ab78 method=javafx.css.SimpleSelector.applies(Ljavafx/css/Styleable;[Ljava/util/Set;I)Z @ 37 c2
Event: 6.361 Thread 0x0000026e2657c000 Uncommon trap: reason=array_check action=maybe_recompile pc=0x0000026e1009ab78 method=javafx.css.SimpleSelector.applies(Ljavafx/css/Styleable;[Ljava/util/Set;I)Z @ 37 c2
Event: 6.395 Thread 0x0000026e2657c000 Uncommon trap: reason=unstable_if action=reinterpret pc=0x0000026e1008da4c method=com.sun.javafx.css.BitSet.add(Ljava/lang/Object;)Z @ 91 c2
Event: 6.399 Thread 0x0000026e2657c000 Uncommon trap: reason=array_check action=maybe_recompile pc=0x0000026e100a1ccc method=javafx.css.SimpleSelector.applies(Ljavafx/css/Styleable;[Ljava/util/Set;I)Z @ 37 c2
Event: 6.597 Thread 0x0000026e2657c000 Uncommon trap: reason=unstable_if action=reinterpret pc=0x0000026e0fff3d34 method=java.util.concurrent.ConcurrentHashMap.putVal(Ljava/lang/Object;Ljava/lang/Object;Z)Ljava/lang/Object; @ 148 c2
Event: 8.084 Thread 0x0000026e2657c000 Uncommon trap: reason=profile_predicate action=maybe_recompile pc=0x0000026e100fe554 method=javafx.scene.CssStyleHelper.transitionToState(Ljavafx/scene/Node;)V @ 285 c2
Event: 8.116 Thread 0x0000026e2657c000 Uncommon trap: reason=profile_predicate action=maybe_recompile pc=0x0000026e100fe554 method=javafx.scene.CssStyleHelper.transitionToState(Ljavafx/scene/Node;)V @ 285 c2
Event: 8.420 Thread 0x0000026e2657c000 Uncommon trap: reason=profile_predicate action=maybe_recompile pc=0x0000026e100fe554 method=javafx.scene.CssStyleHelper.transitionToState(Ljavafx/scene/Node;)V @ 285 c2
Event: 8.852 Thread 0x0000026e2657c000 Uncommon trap: reason=profile_predicate action=maybe_recompile pc=0x0000026e100fe554 method=javafx.scene.CssStyleHelper.transitionToState(Ljavafx/scene/Node;)V @ 285 c2

Classes redefined (0 events):
No events

Internal exceptions (10 events):
Event: 1.952 Thread 0x0000026e2657b000 Exception <a 'java/lang/NoSuchMethodError'{0x0000000718719de0}: java.lang.invoke.DirectMethodHandle$Holder.invokeStaticInit(Ljava/lang/Object;Ljava/lang/Object;)I> (0x0000000718719de0) thrown at [./open/src/hotspot/share/interpreter/linkResolver.cpp, line
Event: 1.959 Thread 0x0000026e2657c000 Exception <a 'java/lang/NoSuchMethodError'{0x0000000718856598}: java.lang.invoke.DirectMethodHandle$Holder.invokeStaticInit(Ljava/lang/Object;Ljava/lang/Object;Ljava/lang/Object;)J> (0x0000000718856598) thrown at [./open/src/hotspot/share/interpreter/link
Event: 1.963 Thread 0x0000026e2657c000 Exception <a 'java/lang/NoSuchMethodError'{0x000000071886ebd8}: java.lang.invoke.DirectMethodHandle$Holder.invokeStatic(Ljava/lang/Object;Ljava/lang/Object;J)Ljava/lang/Object;> (0x000000071886ebd8) thrown at [./open/src/hotspot/share/interpreter/linkReso
Event: 1.963 Thread 0x0000026e2657c000 Exception <a 'java/lang/NoSuchMethodError'{0x0000000718874d50}: java.lang.invoke.Invokers$Holder.linkToTargetMethod(Ljava/lang/Object;JLjava/lang/Object;)Ljava/lang/Object;> (0x0000000718874d50) thrown at [./open/src/hotspot/share/interpreter/linkResolver
Event: 4.749 Thread 0x0000026e2657c000 Exception <a 'sun/nio/fs/WindowsException'{0x000000071836f6b0}> (0x000000071836f6b0) thrown at [./open/src/hotspot/share/prims/jni.cpp, line 611]
Event: 4.797 Thread 0x0000026e2657c000 Exception <a 'sun/nio/fs/WindowsException'{0x00000007182d8188}> (0x00000007182d8188) thrown at [./open/src/hotspot/share/prims/jni.cpp, line 611]
Event: 5.986 Thread 0x0000026e2657c000 Exception <a 'sun/nio/fs/WindowsException'{0x0000000717f5e950}> (0x0000000717f5e950) thrown at [./open/src/hotspot/share/prims/jni.cpp, line 611]
Event: 6.112 Thread 0x0000026e2657c000 Exception <a 'sun/nio/fs/WindowsException'{0x000000071753c378}> (0x000000071753c378) thrown at [./open/src/hotspot/share/prims/jni.cpp, line 611]
Event: 6.736 Thread 0x0000026e2657b000 Exception <a 'java/lang/NoSuchMethodError'{0x00000007184fbed0}: java.lang.invoke.DirectMethodHandle$Holder.invokeStaticInit(Ljava/lang/Object;I)Ljava/lang/Object;> (0x00000007184fbed0) thrown at [./open/src/hotspot/share/interpreter/linkResolver.cpp, line
Event: 9.085 Thread 0x0000026e2529e800 Exception <a 'java/lang/IllegalStateException'{0x0000000716205fc0}> (0x0000000716205fc0) thrown at [./open/src/hotspot/share/prims/jvm.cpp, line 1309]

Events (10 events):
Event: 9.084 Executing VM operation: BulkRevokeBias done
Event: 9.084 Executing VM operation: RevokeBias
Event: 9.084 Executing VM operation: RevokeBias done
Event: 9.084 loading class com/sun/javafx/tk/quantum/QuantumRenderer
Event: 9.084 loading class com/sun/javafx/tk/quantum/QuantumRenderer done
Event: 9.085 Thread 0x0000026e2657e800 Thread exited: 0x0000026e2657e800
Event: 9.085 loading class com/sun/javafx/tk/quantum/QuantumToolkit
Event: 9.085 loading class com/sun/javafx/tk/quantum/QuantumToolkit done
Event: 9.085 Thread 0x0000026e2529e800 Thread exited: 0x0000026e2529e800
Event: 9.086 Executing VM operation: Exit


Dynamic libraries:
0x00007ff7f2ad0000 - 0x00007ff7f2adf000 	C:\Program Files\Java\jdk-11.0.10\bin\javaw.exe
0x00007ff9fc9b0000 - 0x00007ff9fcba5000 	C:\Windows\SYSTEM32\ntdll.dll
0x00007ff9cc240000 - 0x00007ff9cc255000 	C:\Program Files\Avast Software\Avast\aswhook.dll
0x00007ff9fb630000 - 0x00007ff9fb6ee000 	C:\Windows\System32\KERNEL32.DLL
0x00007ff9fa6a0000 - 0x00007ff9fa969000 	C:\Windows\System32\KERNELBASE.dll
0x00007ff9fa4d0000 - 0x00007ff9fa5d0000 	C:\Windows\System32\ucrtbase.dll
0x00007ff9f79f0000 - 0x00007ff9f7a05000 	C:\Program Files\Java\jdk-11.0.10\bin\VCRUNTIME140.dll
0x00007ff9f5ba0000 - 0x00007ff9f5bb8000 	C:\Program Files\Java\jdk-11.0.10\bin\jli.dll
0x00007ff9fab20000 - 0x00007ff9fabcc000 	C:\Windows\System32\ADVAPI32.dll
0x00007ff9faf60000 - 0x00007ff9faffe000 	C:\Windows\System32\msvcrt.dll
0x00007ff9fb890000 - 0x00007ff9fb92b000 	C:\Windows\System32\sechost.dll
0x00007ff9fb750000 - 0x00007ff9fb87a000 	C:\Windows\System32\RPCRT4.dll
0x00007ff9fb930000 - 0x00007ff9fbad1000 	C:\Windows\System32\USER32.dll
0x00007ff9fa970000 - 0x00007ff9fa992000 	C:\Windows\System32\win32u.dll
0x00007ff9fc940000 - 0x00007ff9fc96b000 	C:\Windows\System32\GDI32.dll
0x00007ff9e4480000 - 0x00007ff9e471a000 	C:\Windows\WinSxS\amd64_microsoft.windows.common-controls_6595b64144ccf1df_6.0.19041.1110_none_60b5254171f9507e\COMCTL32.dll
0x00007ff9fa3c0000 - 0x00007ff9fa4cb000 	C:\Windows\System32\gdi32full.dll
0x00007ff9fa600000 - 0x00007ff9fa69d000 	C:\Windows\System32\msvcp_win.dll
0x00007ff9f2970000 - 0x00007ff9f297a000 	C:\Windows\SYSTEM32\VERSION.dll
0x00007ff9fb070000 - 0x00007ff9fb0a0000 	C:\Windows\System32\IMM32.DLL
0x00007ff9d6a10000 - 0x00007ff9d6aab000 	C:\Program Files\Java\jdk-11.0.10\bin\msvcp140.dll
0x00007ff99a270000 - 0x00007ff99ad6b000 	C:\Program Files\Java\jdk-11.0.10\bin\server\jvm.dll
0x00007ff9fb060000 - 0x00007ff9fb068000 	C:\Windows\System32\PSAPI.DLL
0x00007ff9efcc0000 - 0x00007ff9efce7000 	C:\Windows\SYSTEM32\WINMM.dll
0x00007ff9e2580000 - 0x00007ff9e2589000 	C:\Windows\SYSTEM32\WSOCK32.dll
0x00007ff9fc5d0000 - 0x00007ff9fc63b000 	C:\Windows\System32\WS2_32.dll
0x00007ff9f7fd0000 - 0x00007ff9f7fe2000 	C:\Windows\SYSTEM32\kernel.appcore.dll
0x00007ff9f2150000 - 0x00007ff9f2160000 	C:\Program Files\Java\jdk-11.0.10\bin\verify.dll
0x00007ff9e5e60000 - 0x00007ff9e6044000 	C:\Windows\SYSTEM32\DBGHELP.DLL
0x00007ff9e5e30000 - 0x00007ff9e5e5c000 	C:\Windows\SYSTEM32\dbgcore.DLL
0x00007ff9fa120000 - 0x00007ff9fa1a3000 	C:\Windows\System32\bcryptPrimitives.dll
0x00007ff9d7480000 - 0x00007ff9d74a8000 	C:\Program Files\Java\jdk-11.0.10\bin\java.dll
0x00007ff9ecdb0000 - 0x00007ff9ecdba000 	C:\Program Files\Java\jdk-11.0.10\bin\jimage.dll
0x00007ff9dfec0000 - 0x00007ff9dfed6000 	C:\Program Files\Java\jdk-11.0.10\bin\zip.dll
0x00007ff9fbae0000 - 0x00007ff9fc21f000 	C:\Windows\System32\SHELL32.dll
0x00007ff9f81d0000 - 0x00007ff9f8960000 	C:\Windows\SYSTEM32\windows.storage.dll
0x00007ff9fabd0000 - 0x00007ff9faf25000 	C:\Windows\System32\combase.dll
0x00007ff9f9a50000 - 0x00007ff9f9a7c000 	C:\Windows\SYSTEM32\Wldp.dll
0x00007ff9fb580000 - 0x00007ff9fb62e000 	C:\Windows\System32\SHCORE.dll
0x00007ff9fb6f0000 - 0x00007ff9fb745000 	C:\Windows\System32\shlwapi.dll
0x00007ff9fa010000 - 0x00007ff9fa02f000 	C:\Windows\SYSTEM32\profapi.dll
0x00007ff9d9890000 - 0x00007ff9d98a9000 	C:\Program Files\Java\jdk-11.0.10\bin\net.dll
0x00007ff9ee670000 - 0x00007ff9ee778000 	C:\Windows\SYSTEM32\WINHTTP.dll
0x00007ff9f97b0000 - 0x00007ff9f981a000 	C:\Windows\system32\mswsock.dll
0x00007ff9d9800000 - 0x00007ff9d9812000 	C:\Program Files\Java\jdk-11.0.10\bin\nio.dll
0x0000026e26c20000 - 0x0000026e26c23000 	C:\Users\JGL\.openjfx\cache\13\api-ms-win-core-console-l1-1-0.dll
0x0000026e26c30000 - 0x0000026e26c33000 	C:\Users\JGL\.openjfx\cache\13\api-ms-win-core-datetime-l1-1-0.dll
0x0000026e26c40000 - 0x0000026e26c43000 	C:\Users\JGL\.openjfx\cache\13\api-ms-win-core-debug-l1-1-0.dll
0x0000026e26c50000 - 0x0000026e26c53000 	C:\Users\JGL\.openjfx\cache\13\api-ms-win-core-errorhandling-l1-1-0.dll
0x0000026e26c60000 - 0x0000026e26c64000 	C:\Users\JGL\.openjfx\cache\13\api-ms-win-core-file-l1-1-0.dll
0x0000026e26c70000 - 0x0000026e26c73000 	C:\Users\JGL\.openjfx\cache\13\api-ms-win-core-file-l1-2-0.dll
0x0000026e26c80000 - 0x0000026e26c83000 	C:\Users\JGL\.openjfx\cache\13\api-ms-win-core-file-l2-1-0.dll
0x0000026e26c90000 - 0x0000026e26c93000 	C:\Users\JGL\.openjfx\cache\13\api-ms-win-core-handle-l1-1-0.dll
0x0000026e26ca0000 - 0x0000026e26ca3000 	C:\Users\JGL\.openjfx\cache\13\api-ms-win-core-heap-l1-1-0.dll
0x0000026e26cb0000 - 0x0000026e26cb3000 	C:\Users\JGL\.openjfx\cache\13\api-ms-win-core-interlocked-l1-1-0.dll
0x0000026e26cc0000 - 0x0000026e26cc3000 	C:\Users\JGL\.openjfx\cache\13\api-ms-win-core-libraryloader-l1-1-0.dll
0x0000026e26cd0000 - 0x0000026e26cd3000 	C:\Users\JGL\.openjfx\cache\13\api-ms-win-core-localization-l1-2-0.dll
0x0000026e26ce0000 - 0x0000026e26ce3000 	C:\Users\JGL\.openjfx\cache\13\api-ms-win-core-memory-l1-1-0.dll
0x0000026e26cf0000 - 0x0000026e26cf3000 	C:\Users\JGL\.openjfx\cache\13\api-ms-win-core-namedpipe-l1-1-0.dll
0x0000026e26d00000 - 0x0000026e26d03000 	C:\Users\JGL\.openjfx\cache\13\api-ms-win-core-processenvironment-l1-1-0.dll
0x0000026e26d10000 - 0x0000026e26d13000 	C:\Users\JGL\.openjfx\cache\13\api-ms-win-core-processthreads-l1-1-0.dll
0x0000026e26d20000 - 0x0000026e26d23000 	C:\Users\JGL\.openjfx\cache\13\api-ms-win-core-processthreads-l1-1-1.dll
0x0000026e26d30000 - 0x0000026e26d33000 	C:\Users\JGL\.openjfx\cache\13\api-ms-win-core-profile-l1-1-0.dll
0x0000026e26d40000 - 0x0000026e26d43000 	C:\Users\JGL\.openjfx\cache\13\api-ms-win-core-rtlsupport-l1-1-0.dll
0x0000026e26d50000 - 0x0000026e26d53000 	C:\Users\JGL\.openjfx\cache\13\api-ms-win-core-string-l1-1-0.dll
0x0000026e26d60000 - 0x0000026e26d63000 	C:\Users\JGL\.openjfx\cache\13\api-ms-win-core-synch-l1-1-0.dll
0x0000026e26d70000 - 0x0000026e26d73000 	C:\Users\JGL\.openjfx\cache\13\api-ms-win-core-synch-l1-2-0.dll
0x0000026e26d80000 - 0x0000026e26d83000 	C:\Users\JGL\.openjfx\cache\13\api-ms-win-core-sysinfo-l1-1-0.dll
0x0000026e26d90000 - 0x0000026e26d93000 	C:\Users\JGL\.openjfx\cache\13\api-ms-win-core-timezone-l1-1-0.dll
0x0000026e26da0000 - 0x0000026e26da3000 	C:\Users\JGL\.openjfx\cache\13\api-ms-win-core-util-l1-1-0.dll
0x0000026e26db0000 - 0x0000026e26db3000 	C:\Users\JGL\.openjfx\cache\13\api-ms-win-crt-conio-l1-1-0.dll
0x0000026e26dc0000 - 0x0000026e26dc4000 	C:\Users\JGL\.openjfx\cache\13\api-ms-win-crt-convert-l1-1-0.dll
0x0000026e26dd0000 - 0x0000026e26dd3000 	C:\Users\JGL\.openjfx\cache\13\api-ms-win-crt-environment-l1-1-0.dll
0x0000026e26de0000 - 0x0000026e26de3000 	C:\Users\JGL\.openjfx\cache\13\api-ms-win-crt-filesystem-l1-1-0.dll
0x0000026e26df0000 - 0x0000026e26df3000 	C:\Users\JGL\.openjfx\cache\13\api-ms-win-crt-heap-l1-1-0.dll
0x0000026e26e00000 - 0x0000026e26e03000 	C:\Users\JGL\.openjfx\cache\13\api-ms-win-crt-locale-l1-1-0.dll
0x0000026e26e10000 - 0x0000026e26e15000 	C:\Users\JGL\.openjfx\cache\13\api-ms-win-crt-math-l1-1-0.dll
0x0000026e26e20000 - 0x0000026e26e25000 	C:\Users\JGL\.openjfx\cache\13\api-ms-win-crt-multibyte-l1-1-0.dll
0x0000026e26e30000 - 0x0000026e26e40000 	C:\Users\JGL\.openjfx\cache\13\api-ms-win-crt-private-l1-1-0.dll
0x0000026e26e40000 - 0x0000026e26e43000 	C:\Users\JGL\.openjfx\cache\13\api-ms-win-crt-process-l1-1-0.dll
0x0000026e26e50000 - 0x0000026e26e54000 	C:\Users\JGL\.openjfx\cache\13\api-ms-win-crt-runtime-l1-1-0.dll
0x0000026e26e60000 - 0x0000026e26e64000 	C:\Users\JGL\.openjfx\cache\13\api-ms-win-crt-stdio-l1-1-0.dll
0x0000026e26e70000 - 0x0000026e26e74000 	C:\Users\JGL\.openjfx\cache\13\api-ms-win-crt-string-l1-1-0.dll
0x0000026e26e80000 - 0x0000026e26e83000 	C:\Users\JGL\.openjfx\cache\13\api-ms-win-crt-time-l1-1-0.dll
0x0000026e26e90000 - 0x0000026e26e93000 	C:\Users\JGL\.openjfx\cache\13\api-ms-win-crt-utility-l1-1-0.dll
0x00007ff9bdec0000 - 0x00007ff9bdfbc000 	C:\Users\JGL\.openjfx\cache\13\ucrtbase.dll
0x00007ff9f5b80000 - 0x00007ff9f5b95000 	C:\Users\JGL\.openjfx\cache\13\vcruntime140.dll
0x00007ff9ace30000 - 0x00007ff9acecb000 	C:\Users\JGL\.openjfx\cache\13\msvcp140.dll
0x00007ff9d5d00000 - 0x00007ff9d5d51000 	C:\Users\JGL\.openjfx\cache\13\concrt140.dll
0x00007ff9d9820000 - 0x00007ff9d9843000 	C:\Users\JGL\.openjfx\cache\13\prism_d3d.dll
0x00007ff9e82f0000 - 0x00007ff9e84be000 	C:\Windows\system32\d3d9.dll
0x00007ff9f7ce0000 - 0x00007ff9f7d0f000 	C:\Windows\SYSTEM32\dwmapi.dll
0x00007ff9f7b10000 - 0x00007ff9f7bae000 	C:\Windows\system32\uxtheme.dll
0x00007ff9fc7b0000 - 0x00007ff9fc8da000 	C:\Windows\System32\ole32.dll
0x00007ff9d6ef0000 - 0x00007ff9d6f35000 	C:\Users\JGL\.openjfx\cache\13\glass.dll
0x00007ff9fc6d0000 - 0x00007ff9fc7aa000 	C:\Windows\System32\COMDLG32.dll
0x00007ff9fc220000 - 0x00007ff9fc2ed000 	C:\Windows\System32\OLEAUT32.dll
0x00007ff9faa00000 - 0x00007ff9fab15000 	C:\Windows\System32\MSCTF.dll
0x00007ff9f16f0000 - 0x00007ff9f172b000 	C:\Windows\SYSTEM32\dxcore.dll
0x00007ff9fa0d0000 - 0x00007ff9fa11e000 	C:\Windows\System32\cfgmgr32.dll
0x00007ff9d6de0000 - 0x00007ff9d6e0c000 	C:\Users\JGL\.openjfx\cache\13\javafx_iio.dll
0x00007ff9f5b10000 - 0x00007ff9f5b24000 	C:\Users\JGL\.openjfx\cache\13\javafx_font.dll
0x00007ff9d9fb0000 - 0x00007ff9da233000 	C:\Windows\SYSTEM32\dwrite.dll
0x00007ff9fc4a0000 - 0x00007ff9fc549000 	C:\Windows\System32\clbcatq.dll
0x00007ff9f4980000 - 0x00007ff9f4b34000 	C:\Windows\SYSTEM32\WindowsCodecs.dll
0x00007ff9fa5d0000 - 0x00007ff9fa5f7000 	C:\Windows\System32\bcrypt.dll
0x00007ff9d6560000 - 0x00007ff9d659e000 	C:\Windows\system32\dataexchange.dll
0x00007ff9f6d20000 - 0x00007ff9f6f06000 	C:\Windows\system32\dcomp.dll
0x00007ff9f6490000 - 0x00007ff9f66f4000 	C:\Windows\system32\d3d11.dll
0x00007ff9f89c0000 - 0x00007ff9f8ab4000 	C:\Windows\system32\dxgi.dll
0x00007ff9f4fd0000 - 0x00007ff9f51d1000 	C:\Windows\system32\twinapi.appcore.dll
0x00007ff9d6bf0000 - 0x00007ff9d6c24000 	C:\Program Files\Common Files\Microsoft Shared\Ink\rtscom.dll
0x00007ff9dd040000 - 0x00007ff9dd139000 	C:\Windows\SYSTEM32\textinputframework.dll
0x00007ff9f6f10000 - 0x00007ff9f726e000 	C:\Windows\System32\CoreUIComponents.dll
0x00007ff9f7730000 - 0x00007ff9f7822000 	C:\Windows\System32\CoreMessaging.dll
0x00007ff9f8dc0000 - 0x00007ff9f8df3000 	C:\Windows\SYSTEM32\ntmarta.dll
0x00007ff9f5ed0000 - 0x00007ff9f6024000 	C:\Windows\SYSTEM32\wintypes.dll

dbghelp: loaded successfully - version: 4.0.5 - missing functions: none
symbol engine: initialized successfully - sym options: 0x614 - pdb path: .;C:\Program Files\Java\jdk-11.0.10\bin;C:\Windows\SYSTEM32;C:\Program Files\Avast Software\Avast;C:\Windows\WinSxS\amd64_microsoft.windows.common-controls_6595b64144ccf1df_6.0.19041.1110_none_60b5254171f9507e;C:\Program Files\Java\jdk-11.0.10\bin\server;C:\Users\JGL\.openjfx\cache\13;C:\Windows\System32\DriverStore\FileRepository\u0360384.inf_amd64_695d1000912de624\B360372;C:\Program Files\Common Files\Microsoft Shared\Ink

VM Arguments:
jvm_args: -Dfile.encoding=UTF-8 --module-path=C:\Users\JGL\git\chat\target\classes;C:\Users\JGL\.m2\repository\org\openjfx\javafx-controls\13\javafx-controls-13-win.jar;C:\Users\JGL\.m2\repository\org\openjfx\javafx-graphics\13\javafx-graphics-13-win.jar;C:\Users\JGL\.m2\repository\org\openjfx\javafx-base\13\javafx-base-13-win.jar;C:\Users\JGL\.m2\repository\org\openjfx\javafx-fxml\13\javafx-fxml-13-win.jar;C:\Users\JGL\.m2\repository\javax\xml\bind\jaxb-api\2.4.0-b180830.0359\jaxb-api-2.4.0-b180830.0359.jar;C:\Users\JGL\.m2\repository\javax\activation\javax.activation-api\1.2.0\javax.activation-api-1.2.0.jar -Djdk.module.main=project.chat 
java_command: project.chat/project.chat.App
java_class_path (initial): C:\Users\JGL\.m2\repository\org\openjfx\javafx-controls\13\javafx-controls-13.jar;C:\Users\JGL\.m2\repository\org\openjfx\javafx-graphics\13\javafx-graphics-13.jar;C:\Users\JGL\.m2\repository\org\openjfx\javafx-base\13\javafx-base-13.jar;C:\Users\JGL\.m2\repository\org\openjfx\javafx-fxml\13\javafx-fxml-13.jar;C:\Users\JGL\.m2\repository\com\sun\xml\bind\jaxb-core\2.3.0.1\jaxb-core-2.3.0.1.jar;C:\Users\JGL\.m2\repository\org\glassfish\jaxb\jaxb-runtime\2.3.1\jaxb-runtime-2.3.1.jar;C:\Users\JGL\.m2\repository\org\glassfish\jaxb\txw2\2.3.1\txw2-2.3.1.jar;C:\Users\JGL\.m2\repository\com\sun\istack\istack-commons-runtime\3.0.7\istack-commons-runtime-3.0.7.jar;C:\Users\JGL\.m2\repository\org\jvnet\staxex\stax-ex\1.8\stax-ex-1.8.jar;C:\Users\JGL\.m2\repository\com\sun\xml\fastinfoset\FastInfoset\1.2.15\FastInfoset-1.2.15.jar
Launcher Type: SUN_STANDARD

[Global flags]
     intx CICompilerCount                          = 12                                        {product} {ergonomic}
     uint ConcGCThreads                            = 3                                         {product} {ergonomic}
     uint G1ConcRefinementThreads                  = 13                                        {product} {ergonomic}
   size_t G1HeapRegionSize                         = 1048576                                   {product} {ergonomic}
    uintx GCDrainStackTargetSize                   = 64                                        {product} {ergonomic}
   size_t InitialHeapSize                          = 257949696                                 {product} {ergonomic}
   size_t MarkStackSize                            = 4194304                                   {product} {ergonomic}
   size_t MaxHeapSize                              = 4125097984                                {product} {ergonomic}
   size_t MaxNewSize                               = 2474639360                                {product} {ergonomic}
   size_t MinHeapDeltaBytes                        = 1048576                                   {product} {ergonomic}
    uintx NonNMethodCodeHeapSize                   = 7594288                                {pd product} {ergonomic}
    uintx NonProfiledCodeHeapSize                  = 122031976                              {pd product} {ergonomic}
    uintx ProfiledCodeHeapSize                     = 122031976                              {pd product} {ergonomic}
    uintx ReservedCodeCacheSize                    = 251658240                              {pd product} {ergonomic}
     bool SegmentedCodeCache                       = true                                      {product} {ergonomic}
     bool UseCompressedClassPointers               = true                                 {lp64_product} {ergonomic}
     bool UseCompressedOops                        = true                                 {lp64_product} {ergonomic}
     bool UseG1GC                                  = true                                      {product} {ergonomic}
     bool UseLargePagesIndividualAllocation        = false                                  {pd product} {ergonomic}

Logging:
Log output configuration:
 #0: stdout all=warning uptime,level,tags
 #1: stderr all=off uptime,level,tags

Environment Variables:
JAVA_HOME=C:\Program Files\Java\jdk-11.0.10\bin
PATH=C:/Program Files/Java/jdk-11.0.10/bin/server;C:/Program Files/Java/jdk-11.0.10/bin;C:\Program Files\Java\jdk-11.0.10\bin;C:\Program Files\Common Files\Oracle\Java\javapath;C:\Program Files (x86)\Common Files\Oracle\Java\javapath;C:\Windows\system32;C:\Windows;C:\Windows\System32\Wbem;C:\Windows\System32\WindowsPowerShell\v1.0\;C:\Windows\System32\OpenSSH\;C:\Program Files\AutoFirmaJA\AutoFirmaJA;C:\Program Files\Git\cmd;C:\Program Files\PuTTY\;C:\Program Files\nodejs\;C:\Users\JGL\AppData\Local\Microsoft\WindowsApps;C:\Users\JGL\AppData\Local\Programs\Microsoft VS Code\bin;C:\Users\JGL\AppData\Local\GitHubDesktop\bin;C:\Users\JGL\AppData\Roaming\npm;C:\Windows\system32;
USERNAME=JGL
OS=Windows_NT
PROCESSOR_IDENTIFIER=AMD64 Family 23 Model 96 Stepping 1, AuthenticAMD



---------------  S Y S T E M  ---------------

OS: Windows 10 , 64 bit Build 19041 (10.0.19041.1202)

CPU:total 16 (initial active 16) (16 cores per cpu, 2 threads per core) family 23 model 96 stepping 1 microcode 0x0, cmov, cx8, fxsr, mmx, sse, sse2, sse3, ssse3, sse4.1, sse4.2, popcnt, avx, avx2, aes, clmul, mmxext, 3dnowpref, lzcnt, sse4a, ht, tsc, tscinvbit, tscinv, bmi1, bmi2, adx, 

Memory: 4k page, system-wide physical 15731M (10547M free)
TotalPageFile size 32115M (AvailPageFile size 22407M)
current process WorkingSet (physical memory assigned to process): 196M, peak: 215M
current process commit charge ("private bytes"): 467M, peak: 490M

vm_info: Java HotSpot(TM) 64-Bit Server VM (11.0.10+8-LTS-162) for windows-amd64 JRE (11.0.10+8-LTS-162), built on Dec  8 2020 16:32:57 by "mach5one" with MS VC++ 15.9 (VS2017)

END.
